2025-08-13 09:28:06,610 [INFO Script Starting]
2025-08-13 09:29:00,952 [INFO Script Starting]
2025-08-13 09:33:51,747 [INFO Script Starting]
2025-08-13 09:33:51,748 [INFO current file: clean.csv]
2025-08-13 09:33:51,748 [INFO current file: clean.json]
2025-08-13 09:38:20,871 [INFO Script Starting]
2025-08-13 09:38:20,871 [INFO current file: clean.csv]
2025-08-13 09:38:20,871 [INFO current file: clean.json]
2025-08-13 09:38:50,195 [INFO Script Starting]
2025-08-13 09:38:50,195 [INFO current file: clean.csv]
2025-08-13 09:38:50,196 [INFO current file: clean.json]
2025-08-13 15:06:30,206 [INFO Script Starting]
2025-08-13 15:06:30,206 [INFO current file: clean.csv]
2025-08-13 15:06:30,207 [INFO current file: clean.json]
2025-08-13 15:06:30,207 [INFO current file: dirty.csv]
2025-08-13 15:06:30,215 [INFO current file: dirty.json]
2025-08-13 15:06:30,215 [INFO current file: error.txt]
2025-08-13 15:06:30,216 [WARNING Skipping unsupported file type: error.txt]
2025-08-13 15:06:30,216 [INFO Total number of processed files: 4]
2025-08-13 15:06:30,216 [INFO Number of unsupported files: 1]
2025-08-13 15:06:30,216 [INFO Number of malformed files:
CSV:0
JSON:0]
2025-08-21 14:56:14,603 [INFO Script Starting]
2025-08-21 14:56:14,605 [INFO current file: clean.csv]
2025-08-21 14:56:14,612 [INFO current file: clean.json]
2025-08-21 14:56:14,617 [INFO current file: dirty.csv]
2025-08-21 14:56:14,623 [INFO current file: dirty.json]
2025-08-21 14:56:14,629 [INFO current file: error.txt]
2025-08-21 14:56:14,629 [WARNING Skipping unsupported file type: error.txt]
2025-08-21 14:56:14,629 [INFO Total number of processed files: 4]
2025-08-21 14:56:14,629 [INFO Number of unsupported files: 1]
2025-08-21 14:56:14,629 [INFO Number of malformed files:
CSV:0
JSON:0]
2025-08-21 14:57:25,564 [INFO Script Starting]
2025-08-21 14:57:25,565 [INFO current file: clean.csv]
2025-08-21 14:57:25,565 [INFO current file: clean.json]
2025-08-21 14:57:25,565 [INFO current file: dirty.csv]
2025-08-21 14:57:25,566 [INFO current file: dirty.json]
2025-08-21 14:57:25,566 [INFO current file: error.txt]
2025-08-21 14:57:25,566 [WARNING Skipping unsupported file type: error.txt]
2025-08-21 14:57:25,566 [INFO Total number of processed files: 4]
2025-08-21 14:57:25,566 [INFO Number of unsupported files: 1]
2025-08-21 14:57:25,567 [INFO Number of malformed files:
CSV:0
JSON:0]
2025-08-21 14:58:23,581 [INFO Script Starting]
2025-08-21 14:58:23,582 [INFO current file: clean.csv]
2025-08-21 14:58:23,582 [INFO current file: clean.json]
2025-08-21 14:58:23,583 [INFO current file: dirty.csv]
2025-08-21 14:58:23,583 [INFO current file: dirty.json]
2025-08-21 14:58:23,584 [INFO current file: error.txt]
2025-08-21 14:58:23,584 [WARNING Skipping unsupported file type: error.txt]
2025-08-21 14:58:23,584 [INFO Total number of processed files: 4]
2025-08-21 14:58:23,584 [INFO Number of unsupported files: 1]
2025-08-21 14:58:23,584 [INFO Number of malformed files:
CSV:0
JSON:0]
2025-08-21 14:58:23,586 [INFO Table being created for users]
2025-08-21 14:58:23,593 [INFO Table being created for activity]
2025-08-21 15:38:02,678 [INFO Script Starting]
2025-08-21 15:38:02,678 [INFO current file: clean.csv]
2025-08-21 15:38:02,679 [INFO current file: clean.json]
2025-08-21 15:38:02,679 [INFO current file: dirty.csv]
2025-08-21 15:38:02,680 [INFO current file: dirty.json]
2025-08-21 15:38:02,680 [INFO current file: error.txt]
2025-08-21 15:38:02,680 [WARNING Skipping unsupported file type: error.txt]
2025-08-21 15:38:02,681 [INFO Table being created for users]
2025-08-21 15:38:02,682 [INFO Table being created for activity]
2025-08-21 15:38:02,683 [ERROR Failed to insert into users: table users has no column named 'id', 'name', 'email']
2025-08-21 15:38:24,808 [INFO Script Starting]
2025-08-21 15:38:24,808 [INFO current file: clean.csv]
2025-08-21 15:38:24,809 [INFO current file: clean.json]
2025-08-21 15:38:24,809 [INFO current file: dirty.csv]
2025-08-21 15:38:24,809 [INFO current file: dirty.json]
2025-08-21 15:38:24,810 [INFO current file: error.txt]
2025-08-21 15:38:24,810 [WARNING Skipping unsupported file type: error.txt]
2025-08-21 15:38:24,810 [INFO Table being created for users]
2025-08-21 15:38:24,811 [INFO Table being created for activity]
2025-08-21 15:38:24,811 [ERROR Failed to insert into users: table users has no column named 'id', 'name', 'email']
2025-08-21 15:38:24,811 [ERROR Failed to insert into activity: table activity has no column named 'user_id', 'action', 'timestamp']
2025-08-21 15:38:24,812 [INFO Changes commited to database]
2025-08-21 15:38:24,812 [INFO Database connection closed.]
2025-08-22 10:06:10,010 [INFO Script Starting]
2025-08-22 10:06:10,010 [INFO current file: clean.csv]
2025-08-22 10:06:10,019 [INFO current file: clean.json]
2025-08-22 10:06:10,025 [INFO current file: dirty.csv]
2025-08-22 10:06:10,030 [INFO current file: dirty.json]
2025-08-22 10:06:10,038 [INFO current file: error.txt]
2025-08-22 10:06:10,038 [WARNING Skipping unsupported file type: error.txt]
2025-08-22 10:06:10,039 [INFO Table being created for users]
2025-08-22 10:06:10,039 [INFO Table being created for activity]
2025-08-22 10:06:10,040 [ERROR Failed to insert into users: table users has no column named 'id', 'name', 'email']
2025-08-22 10:06:10,040 [INFO Changes commited to database]
2025-08-22 10:06:10,040 [INFO Database connection closed.]
2025-08-22 10:10:37,104 [INFO Script Starting]
2025-08-22 10:10:37,105 [INFO current file: clean.csv]
2025-08-22 10:10:37,105 [INFO current file: clean.json]
2025-08-22 10:10:37,105 [INFO current file: dirty.csv]
2025-08-22 10:10:37,106 [INFO current file: dirty.json]
2025-08-22 10:10:37,106 [INFO current file: error.txt]
2025-08-22 10:10:37,106 [WARNING Skipping unsupported file type: error.txt]
2025-08-22 10:10:37,106 [INFO Table being created for users]
2025-08-22 10:10:37,107 [INFO Table being created for activity]
2025-08-22 10:10:37,107 [ERROR Failed to insert into users: table users has no column named 'id', 'name', 'email']
2025-08-22 10:10:37,107 [ERROR ['id', 'name', 'email']]
2025-08-22 10:10:37,107 [INFO Changes commited to database]
2025-08-22 10:10:37,107 [INFO Database connection closed.]
2025-08-22 10:34:53,236 [INFO Script Starting]
2025-08-22 10:34:53,237 [INFO current file: clean.csv]
2025-08-22 10:34:53,237 [INFO current file: clean.json]
2025-08-22 10:34:53,238 [INFO current file: dirty.csv]
2025-08-22 10:34:53,238 [INFO current file: dirty.json]
2025-08-22 10:34:53,238 [INFO current file: error.txt]
2025-08-22 10:34:53,238 [WARNING Skipping unsupported file type: error.txt]
2025-08-22 10:34:53,239 [INFO Table being created for users]
2025-08-22 10:34:53,239 [INFO Table being created for activity]
2025-08-22 10:34:53,240 [ERROR Failed to insert into users: near "['id', 'name', 'email']": syntax error]
2025-08-22 10:34:53,240 [ERROR ['id', 'name', 'email']]
2025-08-22 10:34:53,240 [INFO Changes commited to database]
2025-08-22 10:34:53,240 [INFO Database connection closed.]
2025-08-22 10:35:18,700 [INFO Script Starting]
2025-08-22 10:35:18,700 [INFO current file: clean.csv]
2025-08-22 10:35:18,701 [INFO current file: clean.json]
2025-08-22 10:35:18,701 [INFO current file: dirty.csv]
2025-08-22 10:35:18,701 [INFO current file: dirty.json]
2025-08-22 10:35:18,702 [INFO current file: error.txt]
2025-08-22 10:35:18,702 [WARNING Skipping unsupported file type: error.txt]
2025-08-22 10:35:18,702 [INFO Table being created for users]
2025-08-22 10:35:18,703 [INFO Table being created for activity]
2025-08-22 10:35:18,703 [ERROR Failed to insert into users: near "['id', 'name', 'email']": syntax error]
2025-08-22 10:35:18,703 [ERROR ['id', 'name', 'email']]
2025-08-22 10:35:18,703 [INFO Changes commited to database]
2025-08-22 10:35:18,703 [INFO Database connection closed.]
2025-08-22 10:36:26,924 [INFO Script Starting]
2025-08-22 10:36:26,924 [INFO current file: clean.csv]
2025-08-22 10:36:26,924 [INFO current file: clean.json]
2025-08-22 10:36:26,925 [INFO current file: dirty.csv]
2025-08-22 10:36:26,925 [INFO current file: dirty.json]
2025-08-22 10:36:26,926 [INFO current file: error.txt]
2025-08-22 10:36:26,926 [WARNING Skipping unsupported file type: error.txt]
2025-08-22 10:36:26,927 [INFO Table being created for users]
2025-08-22 10:36:26,927 [INFO Table being created for activity]
2025-08-22 10:36:26,928 [INFO Inserted 4 rows into users]
2025-08-22 10:36:26,931 [INFO Changes commited to database]
2025-08-22 10:36:26,931 [INFO Database connection closed.]
2025-08-22 10:36:58,810 [INFO Script Starting]
2025-08-22 10:36:58,810 [INFO current file: clean.csv]
2025-08-22 10:36:58,811 [INFO current file: clean.json]
2025-08-22 10:36:58,811 [INFO current file: dirty.csv]
2025-08-22 10:36:58,812 [INFO current file: dirty.json]
2025-08-22 10:36:58,812 [INFO current file: error.txt]
2025-08-22 10:36:58,812 [WARNING Skipping unsupported file type: error.txt]
2025-08-22 10:36:58,813 [INFO Table being created for users]
2025-08-22 10:36:58,814 [INFO Table being created for activity]
2025-08-22 10:36:58,814 [INFO Inserted 4 rows into users]
2025-08-22 10:36:58,815 [INFO Inserted 6 rows into activity]
2025-08-22 10:36:58,818 [INFO Changes commited to database]
2025-08-22 10:36:58,818 [INFO Database connection closed.]
